# JRE version: OpenJDK Runtime Environment (17.0.6) (build 17.0.6+0-b2043.56-10027231)
# Java VM: OpenJDK 64-Bit Server VM (17.0.6+0-b2043.56-10027231, mixed mode, tiered, compressed oops, compressed class ptrs, g1 gc, windows-amd64)
GC Precious Log:
 CPUs: 8 total, 8 available
 Memory: 7834M
 Large Page Support: Disabled
 NUMA Support: Disabled
 Compressed Oops: Enabled (32-bit)
 Heap Region Size: 1M
 Heap Min Capacity: 8M
 Heap Initial Capacity: 124M
 Heap Max Capacity: 2G
 Pre-touch: Disabled
 Parallel Workers: 8
 Concurrent Workers: 2
 Concurrent Refinement Workers: 8
 Periodic GC: Disabled
Heap:
 garbage-first heap   total 65536K, used 45874K [0x0000000080000000, 0x0000000100000000)
  region size 1024K, 15 young (15360K), 2 survivors (2048K)
 Metaspace       used 51749K, committed 52288K, reserved 1097728K
  class space    used 6944K, committed 7168K, reserved 1048576K
GC Heap History (20 events):
Event: 5.095 GC heap before
{Heap before GC invocations=6 (full 0):
 garbage-first heap   total 65536K, used 44971K [0x0000000080000000, 0x0000000100000000)
  region size 1024K, 25 young (25600K), 1 survivors (1024K)
 Metaspace       used 29835K, committed 30144K, reserved 1081344K
  class space    used 4048K, committed 4160K, reserved 1048576K
}
Event: 5.098 GC heap after
{Heap after GC invocations=7 (full 0):
 garbage-first heap   total 65536K, used 21451K [0x0000000080000000, 0x0000000100000000)
  region size 1024K, 2 young (2048K), 2 survivors (2048K)
 Metaspace       used 29835K, committed 30144K, reserved 1081344K
  class space    used 4048K, committed 4160K, reserved 1048576K
}
Event: 5.613 GC heap before
{Heap before GC invocations=7 (full 0):
 garbage-first heap   total 65536K, used 46027K [0x0000000080000000, 0x0000000100000000)
  region size 1024K, 26 young (26624K), 2 survivors (2048K)
 Metaspace       used 33835K, committed 34112K, reserved 1081344K
  class space    used 4670K, committed 4800K, reserved 1048576K
}
Event: 5.616 GC heap after
{Heap after GC invocations=8 (full 0):
 garbage-first heap   total 65536K, used 22582K [0x0000000080000000, 0x0000000100000000)
  region size 1024K, 3 young (3072K), 3 survivors (3072K)
 Metaspace       used 33835K, committed 34112K, reserved 1081344K
  class space    used 4670K, committed 4800K, reserved 1048576K
}
Event: 5.908 GC heap before
{Heap before GC invocations=8 (full 0):
 garbage-first heap   total 65536K, used 30774K [0x0000000080000000, 0x0000000100000000)
  region size 1024K, 12 young (12288K), 3 survivors (3072K)
 Metaspace       used 35638K, committed 35968K, reserved 1081344K
  class space    used 4880K, committed 5056K, reserved 1048576K
}
Event: 5.913 GC heap after
{Heap after GC invocations=9 (full 0):
 garbage-first heap   total 65536K, used 23907K [0x0000000080000000, 0x0000000100000000)
  region size 1024K, 3 young (3072K), 3 survivors (3072K)
 Metaspace       used 35638K, committed 35968K, reserved 1081344K
  class space    used 4880K, committed 5056K, reserved 1048576K
}
Event: 6.396 GC heap before
{Heap before GC invocations=10 (full 0):
 garbage-first heap   total 65536K, used 46435K [0x0000000080000000, 0x0000000100000000)
  region size 1024K, 26 young (26624K), 3 survivors (3072K)
 Metaspace       used 40391K, committed 40704K, reserved 1089536K
  class space    used 5360K, committed 5504K, reserved 1048576K
}
Event: 6.400 GC heap after
{Heap after GC invocations=11 (full 0):
 garbage-first heap   total 65536K, used 27202K [0x0000000080000000, 0x0000000100000000)
  region size 1024K, 4 young (4096K), 4 survivors (4096K)
 Metaspace       used 40391K, committed 40704K, reserved 1089536K
  class space    used 5360K, committed 5504K, reserved 1048576K
}
Event: 6.725 GC heap before
{Heap before GC invocations=11 (full 0):
 garbage-first heap   total 65536K, used 50754K [0x0000000080000000, 0x0000000100000000)
  region size 1024K, 24 young (24576K), 4 survivors (4096K)
 Metaspace       used 42451K, committed 42752K, reserved 1089536K
  class space    used 5552K, committed 5696K, reserved 1048576K
}
Event: 6.730 GC heap after
{Heap after GC invocations=12 (full 0):
 garbage-first heap   total 65536K, used 29755K [0x0000000080000000, 0x0000000100000000)
  region size 1024K, 3 young (3072K), 3 survivors (3072K)
 Metaspace       used 42451K, committed 42752K, reserved 1089536K
  class space    used 5552K, committed 5696K, reserved 1048576K
}
Event: 7.392 GC heap before
{Heap before GC invocations=12 (full 0):
 garbage-first heap   total 65536K, used 48187K [0x0000000080000000, 0x0000000100000000)
  region size 1024K, 22 young (22528K), 3 survivors (3072K)
 Metaspace       used 43562K, committed 43968K, reserved 1089536K
  class space    used 5717K, committed 5888K, reserved 1048576K
}
Event: 7.395 GC heap after
{Heap after GC invocations=13 (full 0):
 garbage-first heap   total 65536K, used 31383K [0x0000000080000000, 0x0000000100000000)
  region size 1024K, 2 young (2048K), 2 survivors (2048K)
 Metaspace       used 43562K, committed 43968K, reserved 1089536K
  class space    used 5717K, committed 5888K, reserved 1048576K
}
Event: 7.399 GC heap before
{Heap before GC invocations=13 (full 0):
 garbage-first heap   total 65536K, used 31383K [0x0000000080000000, 0x0000000100000000)
  region size 1024K, 3 young (3072K), 2 survivors (2048K)
 Metaspace       used 43562K, committed 43968K, reserved 1089536K
  class space    used 5717K, committed 5888K, reserved 1048576K
}
Event: 7.400 GC heap after
{Heap after GC invocations=14 (full 0):
 garbage-first heap   total 65536K, used 31402K [0x0000000080000000, 0x0000000100000000)
  region size 1024K, 2 young (2048K), 2 survivors (2048K)
 Metaspace       used 43562K, committed 43968K, reserved 1089536K
  class space    used 5717K, committed 5888K, reserved 1048576K
}
Event: 7.747 GC heap before
{Heap before GC invocations=15 (full 0):
 garbage-first heap   total 65536K, used 46681K [0x0000000080000000, 0x0000000100000000)
  region size 1024K, 16 young (16384K), 2 survivors (2048K)
 Metaspace       used 45998K, committed 46464K, reserved 1089536K
  class space    used 6047K, committed 6272K, reserved 1048576K
}
Event: 7.749 GC heap after
{Heap after GC invocations=16 (full 0):
 garbage-first heap   total 65536K, used 32028K [0x0000000080000000, 0x0000000100000000)
  region size 1024K, 2 young (2048K), 2 survivors (2048K)
 Metaspace       used 45998K, committed 46464K, reserved 1089536K
  class space    used 6047K, committed 6272K, reserved 1048576K
}
Event: 8.128 GC heap before
{Heap before GC invocations=16 (full 0):
 garbage-first heap   total 65536K, used 46364K [0x0000000080000000, 0x0000000100000000)
  region size 1024K, 16 young (16384K), 2 survivors (2048K)
 Metaspace       used 47903K, committed 48320K, reserved 1097728K
  class space    used 6357K, committed 6528K, reserved 1048576K
}
Event: 8.130 GC heap after
{Heap after GC invocations=17 (full 0):
 garbage-first heap   total 65536K, used 32949K [0x0000000080000000, 0x0000000100000000)
  region size 1024K, 2 young (2048K), 2 survivors (2048K)
 Metaspace       used 47903K, committed 48320K, reserved 1097728K
  class space    used 6357K, committed 6528K, reserved 1048576K
}
Event: 8.397 GC heap before
{Heap before GC invocations=18 (full 0):
 garbage-first heap   total 65536K, used 47285K [0x0000000080000000, 0x0000000100000000)
  region size 1024K, 16 young (16384K), 2 survivors (2048K)
 Metaspace       used 49963K, committed 50432K, reserved 1097728K
  class space    used 6688K, committed 6912K, reserved 1048576K
}
Event: 8.399 GC heap after
{Heap after GC invocations=19 (full 0):
 garbage-first heap   total 65536K, used 33586K [0x0000000080000000, 0x0000000100000000)
  region size 1024K, 2 young (2048K), 2 survivors (2048K)
 Metaspace       used 49963K, committed 50432K, reserved 1097728K
  class space    used 6688K, committed 6912K, reserved 1048576K
}

